11*** Starting uWSGI 2.0.17 (64bit) on [Sat Jun 23 13:59:45 2018] ***
compiled with version: 4.8.5 20150623 (Red Hat 4.8.5-11) on 23 June 2018 05:10:32
os: Linux-3.10.0-514.26.2.el7.x86_64 #1 SMP Tue Jul 4 15:04:05 UTC 2017
nodename: iz2ze19m7adauy7xtyvzqiz
machine: x86_64
clock source: unix
detected number of CPU cores: 1
current working directory: /etc/nginx
writing pidfile to /var/run/uwsgi9090.pid    //pid文件，用于下面的脚本启动、停止该进程
open("/var/run/uwsgi9090.pid    //pid文件，用于下面的脚本启动、停止该进程"): No such file or directory [core/utils.c line 3605]
*** Starting uWSGI 2.0.17 (64bit) on [Sat Jun 23 14:00:33 2018] ***
compiled with version: 4.8.5 20150623 (Red Hat 4.8.5-11) on 23 June 2018 05:10:32
os: Linux-3.10.0-514.26.2.el7.x86_64 #1 SMP Tue Jul 4 15:04:05 UTC 2017
nodename: iz2ze19m7adauy7xtyvzqiz
machine: x86_64
clock source: unix
detected number of CPU cores: 1
current working directory: /etc/nginx
writing pidfile to /var/run/uwsgi9090.pid    //pid文件，用于下面的脚本启动、停止该进程
open("/var/run/uwsgi9090.pid    //pid文件，用于下面的脚本启动、停止该进程"): No such file or directory [core/utils.c line 3605]
*** Starting uWSGI 2.0.17 (64bit) on [Sat Jun 23 14:05:56 2018] ***
compiled with version: 4.8.5 20150623 (Red Hat 4.8.5-11) on 23 June 2018 05:10:32
os: Linux-3.10.0-514.26.2.el7.x86_64 #1 SMP Tue Jul 4 15:04:05 UTC 2017
nodename: iz2ze19m7adauy7xtyvzqiz
machine: x86_64
clock source: unix
detected number of CPU cores: 1
current working directory: /etc/nginx
writing pidfile to /var/run/uwsgi9090.pid    //pid文件，用于下面的脚本启动、停止该进程
open("/var/run/uwsgi9090.pid    //pid文件，用于下面的脚本启动、停止该进程"): No such file or directory [core/utils.c line 3605]
*** Starting uWSGI 2.0.17 (64bit) on [Sat Jun 23 14:10:42 2018] ***
compiled with version: 4.8.5 20150623 (Red Hat 4.8.5-11) on 23 June 2018 05:10:32
os: Linux-3.10.0-514.26.2.el7.x86_64 #1 SMP Tue Jul 4 15:04:05 UTC 2017
nodename: iz2ze19m7adauy7xtyvzqiz
machine: x86_64
clock source: unix
detected number of CPU cores: 1
current working directory: /etc/nginx
writing pidfile to /var/run/uwsgi9090.pid    //pid文件，用于下面的脚本启动、停止该进程
open("/var/run/uwsgi9090.pid    //pid文件，用于下面的脚本启动、停止该进程"): No such file or directory [core/utils.c line 3605]
*** Starting uWSGI 2.0.17 (64bit) on [Sat Jun 23 14:18:33 2018] ***
compiled with version: 4.8.5 20150623 (Red Hat 4.8.5-11) on 23 June 2018 05:10:32
os: Linux-3.10.0-514.26.2.el7.x86_64 #1 SMP Tue Jul 4 15:04:05 UTC 2017
nodename: iz2ze19m7adauy7xtyvzqiz
machine: x86_64
clock source: unix
detected number of CPU cores: 1
current working directory: /etc/nginx
writing pidfile to /var/run/uwsgi9090.pid    //pid文件，用于下面的脚本启动、停止该进程
open("/var/run/uwsgi9090.pid    //pid文件，用于下面的脚本启动、停止该进程"): No such file or directory [core/utils.c line 3605]
*** Starting uWSGI 2.0.17 (64bit) on [Sat Jun 23 14:37:44 2018] ***
compiled with version: 4.8.5 20150623 (Red Hat 4.8.5-11) on 23 June 2018 05:10:32
os: Linux-3.10.0-514.26.2.el7.x86_64 #1 SMP Tue Jul 4 15:04:05 UTC 2017
nodename: iz2ze19m7adauy7xtyvzqiz
machine: x86_64
clock source: unix
detected number of CPU cores: 1
current working directory: /etc/nginx
writing pidfile to /var/run/uwsgi9090.pid    //pid文件，用于下面的脚本启动、停止该进程
open("/var/run/uwsgi9090.pid    //pid文件，用于下面的脚本启动、停止该进程"): No such file or directory [core/utils.c line 3605]
*** Starting uWSGI 2.0.17 (64bit) on [Sat Jun 23 14:55:22 2018] ***
compiled with version: 4.8.5 20150623 (Red Hat 4.8.5-11) on 23 June 2018 05:10:32
os: Linux-3.10.0-514.26.2.el7.x86_64 #1 SMP Tue Jul 4 15:04:05 UTC 2017
nodename: iz2ze19m7adauy7xtyvzqiz
machine: x86_64
clock source: unix
detected number of CPU cores: 1
current working directory: /home/work
writing pidfile to /var/run/uwsgi9090.pid    //pid文件，用于下面的脚本启动、停止该进程
open("/var/run/uwsgi9090.pid    //pid文件，用于下面的脚本启动、停止该进程"): No such file or directory [core/utils.c line 3605]
